2021-02-27T05:41:10.795692Z 0 [Warning] TIMESTAMP with implicit DEFAULT value is deprecated. Please use --explicit_defaults_for_timestamp server option (see documentation for more details).
2021-02-27T05:41:10.804154Z 0 [Warning] Setting lower_case_table_names=2 because file system for /var/lib/mysql/ is case insensitive
2021-02-27T05:41:12.149780Z 0 [Warning] InnoDB: New log files created, LSN=45790
2021-02-27T05:41:12.419525Z 0 [Warning] InnoDB: Creating foreign key constraint system tables.
2021-02-27T05:41:12.499100Z 0 [Warning] No existing UUID has been found, so we assume that this is the first time that this server has been started. Generating a new UUID: 66937345-78be-11eb-a1bc-0242ac120002.
2021-02-27T05:41:12.503770Z 0 [Warning] Gtid table is not ready to be used. Table 'mysql.gtid_executed' cannot be opened.
2021-02-27T05:41:13.117203Z 0 [Warning] CA certificate ca.pem is self signed.
2021-02-27T05:41:13.228240Z 1 [Warning] root@localhost is created with an empty password ! Please consider switching off the --initialize-insecure option.
2021-02-27T05:41:19.687179Z 0 [Warning] TIMESTAMP with implicit DEFAULT value is deprecated. Please use --explicit_defaults_for_timestamp server option (see documentation for more details).
2021-02-27T05:41:19.693365Z 0 [Note] mysqld (mysqld 5.7.31) starting as process 81 ...
2021-02-27T05:41:19.698402Z 0 [Warning] Setting lower_case_table_names=2 because file system for /var/lib/mysql/ is case insensitive
2021-02-27T05:41:19.702255Z 0 [Note] InnoDB: PUNCH HOLE support available
2021-02-27T05:41:19.702873Z 0 [Note] InnoDB: Mutexes and rw_locks use GCC atomic builtins
2021-02-27T05:41:19.703381Z 0 [Note] InnoDB: Uses event mutexes
2021-02-27T05:41:19.703917Z 0 [Note] InnoDB: GCC builtin __atomic_thread_fence() is used for memory barrier
2021-02-27T05:41:19.704508Z 0 [Note] InnoDB: Compressed tables use zlib 1.2.11
2021-02-27T05:41:19.704939Z 0 [Note] InnoDB: Using Linux native AIO
2021-02-27T05:41:19.705586Z 0 [Note] InnoDB: Number of pools: 1
2021-02-27T05:41:19.706121Z 0 [Note] InnoDB: Using CPU crc32 instructions
2021-02-27T05:41:19.707623Z 0 [Note] InnoDB: Initializing buffer pool, total size = 128M, instances = 1, chunk size = 128M
2021-02-27T05:41:19.716332Z 0 [Note] InnoDB: Completed initialization of buffer pool
2021-02-27T05:41:19.718347Z 0 [Note] InnoDB: If the mysqld execution user is authorized, page cleaner thread priority can be changed. See the man page of setpriority().
2021-02-27T05:41:19.751726Z 0 [Note] InnoDB: Highest supported file format is Barracuda.
2021-02-27T05:41:19.822176Z 0 [Note] InnoDB: Creating shared tablespace for temporary tables
2021-02-27T05:41:19.824660Z 0 [Note] InnoDB: Setting file './ibtmp1' size to 12 MB. Physically writing the file full; Please wait ...
2021-02-27T05:41:19.899161Z 0 [Note] InnoDB: File './ibtmp1' size is now 12 MB.
2021-02-27T05:41:19.903250Z 0 [Note] InnoDB: 96 redo rollback segment(s) found. 96 redo rollback segment(s) are active.
2021-02-27T05:41:19.903724Z 0 [Note] InnoDB: 32 non-redo rollback segment(s) are active.
2021-02-27T05:41:19.904687Z 0 [Note] InnoDB: Waiting for purge to start
2021-02-27T05:41:19.955766Z 0 [Note] InnoDB: 5.7.31 started; log sequence number 2720687
2021-02-27T05:41:19.957992Z 0 [Note] InnoDB: Loading buffer pool(s) from /var/lib/mysql/ib_buffer_pool
2021-02-27T05:41:19.958370Z 0 [Note] Plugin 'FEDERATED' is disabled.
2021-02-27T05:41:20.004662Z 0 [Note] Found ca.pem, server-cert.pem and server-key.pem in data directory. Trying to enable SSL support using them.
2021-02-27T05:41:20.006660Z 0 [Note] Skipping generation of SSL certificates as certificate files are present in data directory.
2021-02-27T05:41:20.011202Z 0 [Note] InnoDB: Buffer pool(s) load completed at 210227 14:41:20
2021-02-27T05:41:20.012078Z 0 [Warning] CA certificate ca.pem is self signed.
2021-02-27T05:41:20.012495Z 0 [Note] Skipping generation of RSA key pair as key files are present in data directory.
2021-02-27T05:41:20.016170Z 0 [Warning] Insecure configuration for --pid-file: Location '/var/run/mysqld' in the path is accessible to all OS users. Consider choosing a different directory.
2021-02-27T05:41:20.202546Z 0 [Note] Event Scheduler: Loaded 0 events
2021-02-27T05:41:20.203516Z 0 [Note] mysqld: ready for connections.
Version: '5.7.31'  socket: '/var/run/mysqld/mysqld.sock'  port: 0  MySQL Community Server (GPL)
2021-02-27T05:41:23.655585Z 0 [Note] Giving 0 client threads a chance to die gracefully
2021-02-27T05:41:23.655981Z 0 [Note] Shutting down slave threads
2021-02-27T05:41:23.656365Z 0 [Note] Forcefully disconnecting 0 remaining clients
2021-02-27T05:41:23.656653Z 0 [Note] Event Scheduler: Purging the queue. 0 events
2021-02-27T05:41:23.657104Z 0 [Note] Binlog end
2021-02-27T05:41:23.659424Z 0 [Note] Shutting down plugin 'ngram'
2021-02-27T05:41:23.660076Z 0 [Note] Shutting down plugin 'partition'
2021-02-27T05:41:23.660464Z 0 [Note] Shutting down plugin 'BLACKHOLE'
2021-02-27T05:41:23.660911Z 0 [Note] Shutting down plugin 'ARCHIVE'
2021-02-27T05:41:23.661449Z 0 [Note] Shutting down plugin 'PERFORMANCE_SCHEMA'
2021-02-27T05:41:23.661884Z 0 [Note] Shutting down plugin 'MRG_MYISAM'
2021-02-27T05:41:23.662320Z 0 [Note] Shutting down plugin 'MyISAM'
2021-02-27T05:41:23.662723Z 0 [Note] Shutting down plugin 'INNODB_SYS_VIRTUAL'
2021-02-27T05:41:23.663070Z 0 [Note] Shutting down plugin 'INNODB_SYS_DATAFILES'
2021-02-27T05:41:23.663532Z 0 [Note] Shutting down plugin 'INNODB_SYS_TABLESPACES'
2021-02-27T05:41:23.664117Z 0 [Note] Shutting down plugin 'INNODB_SYS_FOREIGN_COLS'
2021-02-27T05:41:23.664450Z 0 [Note] Shutting down plugin 'INNODB_SYS_FOREIGN'
2021-02-27T05:41:23.664931Z 0 [Note] Shutting down plugin 'INNODB_SYS_FIELDS'
2021-02-27T05:41:23.665409Z 0 [Note] Shutting down plugin 'INNODB_SYS_COLUMNS'
2021-02-27T05:41:23.665742Z 0 [Note] Shutting down plugin 'INNODB_SYS_INDEXES'
2021-02-27T05:41:23.666294Z 0 [Note] Shutting down plugin 'INNODB_SYS_TABLESTATS'
2021-02-27T05:41:23.666746Z 0 [Note] Shutting down plugin 'INNODB_SYS_TABLES'
2021-02-27T05:41:23.667121Z 0 [Note] Shutting down plugin 'INNODB_FT_INDEX_TABLE'
2021-02-27T05:41:23.667610Z 0 [Note] Shutting down plugin 'INNODB_FT_INDEX_CACHE'
2021-02-27T05:41:23.668083Z 0 [Note] Shutting down plugin 'INNODB_FT_CONFIG'
2021-02-27T05:41:23.668558Z 0 [Note] Shutting down plugin 'INNODB_FT_BEING_DELETED'
2021-02-27T05:41:23.669002Z 0 [Note] Shutting down plugin 'INNODB_FT_DELETED'
2021-02-27T05:41:23.669523Z 0 [Note] Shutting down plugin 'INNODB_FT_DEFAULT_STOPWORD'
2021-02-27T05:41:23.669993Z 0 [Note] Shutting down plugin 'INNODB_METRICS'
2021-02-27T05:41:23.670550Z 0 [Note] Shutting down plugin 'INNODB_TEMP_TABLE_INFO'
2021-02-27T05:41:23.670988Z 0 [Note] Shutting down plugin 'INNODB_BUFFER_POOL_STATS'
2021-02-27T05:41:23.671382Z 0 [Note] Shutting down plugin 'INNODB_BUFFER_PAGE_LRU'
2021-02-27T05:41:23.671900Z 0 [Note] Shutting down plugin 'INNODB_BUFFER_PAGE'
2021-02-27T05:41:23.672481Z 0 [Note] Shutting down plugin 'INNODB_CMP_PER_INDEX_RESET'
2021-02-27T05:41:23.672912Z 0 [Note] Shutting down plugin 'INNODB_CMP_PER_INDEX'
2021-02-27T05:41:23.673561Z 0 [Note] Shutting down plugin 'INNODB_CMPMEM_RESET'
2021-02-27T05:41:23.674051Z 0 [Note] Shutting down plugin 'INNODB_CMPMEM'
2021-02-27T05:41:23.674406Z 0 [Note] Shutting down plugin 'INNODB_CMP_RESET'
2021-02-27T05:41:23.675000Z 0 [Note] Shutting down plugin 'INNODB_CMP'
2021-02-27T05:41:23.675476Z 0 [Note] Shutting down plugin 'INNODB_LOCK_WAITS'
2021-02-27T05:41:23.675850Z 0 [Note] Shutting down plugin 'INNODB_LOCKS'
2021-02-27T05:41:23.676427Z 0 [Note] Shutting down plugin 'INNODB_TRX'
2021-02-27T05:41:23.676893Z 0 [Note] Shutting down plugin 'InnoDB'
2021-02-27T05:41:23.677468Z 0 [Note] InnoDB: FTS optimize thread exiting.
2021-02-27T05:41:23.678248Z 0 [Note] InnoDB: Starting shutdown...
2021-02-27T05:41:23.779517Z 0 [Note] InnoDB: Dumping buffer pool(s) to /var/lib/mysql/ib_buffer_pool
2021-02-27T05:41:23.784851Z 0 [Note] InnoDB: Buffer pool(s) dump completed at 210227 14:41:23
2021-02-27T05:41:24.998805Z 0 [Note] InnoDB: Shutdown completed; log sequence number 12579014
2021-02-27T05:41:25.002613Z 0 [Note] InnoDB: Removed temporary tablespace data file: "ibtmp1"
2021-02-27T05:41:25.003692Z 0 [Note] Shutting down plugin 'MEMORY'
2021-02-27T05:41:25.004566Z 0 [Note] Shutting down plugin 'CSV'
2021-02-27T05:41:25.005177Z 0 [Note] Shutting down plugin 'sha256_password'
2021-02-27T05:41:25.005751Z 0 [Note] Shutting down plugin 'mysql_native_password'
2021-02-27T05:41:25.006462Z 0 [Note] Shutting down plugin 'binlog'
2021-02-27T05:41:25.009671Z 0 [Note] mysqld: Shutdown complete

2021-02-27T05:41:25.827494Z 0 [Warning] TIMESTAMP with implicit DEFAULT value is deprecated. Please use --explicit_defaults_for_timestamp server option (see documentation for more details).
2021-02-27T05:41:25.835222Z 0 [Note] mysqld (mysqld 5.7.31) starting as process 1 ...
2021-02-27T05:41:25.839952Z 0 [Warning] Setting lower_case_table_names=2 because file system for /var/lib/mysql/ is case insensitive
2021-02-27T05:41:25.843165Z 0 [Note] InnoDB: PUNCH HOLE support available
2021-02-27T05:41:25.843618Z 0 [Note] InnoDB: Mutexes and rw_locks use GCC atomic builtins
2021-02-27T05:41:25.844070Z 0 [Note] InnoDB: Uses event mutexes
2021-02-27T05:41:25.844567Z 0 [Note] InnoDB: GCC builtin __atomic_thread_fence() is used for memory barrier
2021-02-27T05:41:25.844974Z 0 [Note] InnoDB: Compressed tables use zlib 1.2.11
2021-02-27T05:41:25.845522Z 0 [Note] InnoDB: Using Linux native AIO
2021-02-27T05:41:25.846124Z 0 [Note] InnoDB: Number of pools: 1
2021-02-27T05:41:25.846794Z 0 [Note] InnoDB: Using CPU crc32 instructions
2021-02-27T05:41:25.848314Z 0 [Note] InnoDB: Initializing buffer pool, total size = 128M, instances = 1, chunk size = 128M
2021-02-27T05:41:25.856915Z 0 [Note] InnoDB: Completed initialization of buffer pool
2021-02-27T05:41:25.858964Z 0 [Note] InnoDB: If the mysqld execution user is authorized, page cleaner thread priority can be changed. See the man page of setpriority().
2021-02-27T05:41:25.892420Z 0 [Note] InnoDB: Highest supported file format is Barracuda.
2021-02-27T05:41:25.950973Z 0 [Note] InnoDB: Creating shared tablespace for temporary tables
2021-02-27T05:41:25.953372Z 0 [Note] InnoDB: Setting file './ibtmp1' size to 12 MB. Physically writing the file full; Please wait ...
2021-02-27T05:41:26.027341Z 0 [Note] InnoDB: File './ibtmp1' size is now 12 MB.
2021-02-27T05:41:26.030826Z 0 [Note] InnoDB: 96 redo rollback segment(s) found. 96 redo rollback segment(s) are active.
2021-02-27T05:41:26.031395Z 0 [Note] InnoDB: 32 non-redo rollback segment(s) are active.
2021-02-27T05:41:26.032423Z 0 [Note] InnoDB: Waiting for purge to start
2021-02-27T05:41:26.083863Z 0 [Note] InnoDB: 5.7.31 started; log sequence number 12579014
2021-02-27T05:41:26.086789Z 0 [Note] InnoDB: Loading buffer pool(s) from /var/lib/mysql/ib_buffer_pool
2021-02-27T05:41:26.087055Z 0 [Note] Plugin 'FEDERATED' is disabled.
2021-02-27T05:41:26.123339Z 0 [Note] Found ca.pem, server-cert.pem and server-key.pem in data directory. Trying to enable SSL support using them.
2021-02-27T05:41:26.123990Z 0 [Note] Skipping generation of SSL certificates as certificate files are present in data directory.
2021-02-27T05:41:26.128895Z 0 [Warning] CA certificate ca.pem is self signed.
2021-02-27T05:41:26.129493Z 0 [Note] Skipping generation of RSA key pair as key files are present in data directory.
2021-02-27T05:41:26.136066Z 0 [Note] Server hostname (bind-address): '*'; port: 3306
2021-02-27T05:41:26.137565Z 0 [Note] IPv6 is available.
2021-02-27T05:41:26.138812Z 0 [Note]   - '::' resolves to '::';
2021-02-27T05:41:26.139894Z 0 [Note] Server socket created on IP: '::'.
2021-02-27T05:41:26.143649Z 0 [Warning] Insecure configuration for --pid-file: Location '/var/run/mysqld' in the path is accessible to all OS users. Consider choosing a different directory.
2021-02-27T05:41:26.151068Z 0 [Note] InnoDB: Buffer pool(s) load completed at 210227 14:41:26
2021-02-27T05:41:26.287885Z 0 [Note] Event Scheduler: Loaded 0 events
2021-02-27T05:41:26.288666Z 0 [Note] mysqld: ready for connections.
Version: '5.7.31'  socket: '/var/run/mysqld/mysqld.sock'  port: 3306  MySQL Community Server (GPL)
